2024-10-08 16:22:31,408 - INFO - [load_data_from_db]:开始加载用户配置数据
2024-10-08 16:22:31,411 - INFO - [load_data_from_db]:成功加载数据总数:25
2024-10-08 16:22:31,411 - INFO - [init_UI]:开始初始化ui
2024-10-08 16:22:31,855 - INFO - [init_UI]:初始化ui结束，开始工作
2024-10-08 16:22:36,827 - INFO - [update_bill_calculator_result_page]:用户触发计算
2024-10-08 16:24:15,948 - INFO - [load_data_from_db]:开始加载用户配置数据
2024-10-08 16:24:15,956 - INFO - [load_data_from_db]:成功加载数据总数:25
2024-10-08 16:24:15,956 - INFO - [init_UI]:开始初始化ui
2024-10-08 16:24:16,407 - INFO - [init_UI]:初始化ui结束，开始工作
2024-10-08 16:24:19,123 - INFO - [update_bill_calculator_result_page]:用户触发计算
2024-10-08 16:26:41,856 - INFO - [load_data_from_db]:开始加载用户配置数据
2024-10-08 16:26:41,864 - INFO - [load_data_from_db]:成功加载数据总数:25
2024-10-08 16:26:41,864 - INFO - [init_UI]:开始初始化ui
2024-10-08 16:26:42,316 - INFO - [init_UI]:初始化ui结束，开始工作
2024-10-08 16:26:45,297 - INFO - [update_bill_calculator_result_page]:用户触发计算
2024-10-08 16:26:45,299 - DEBUG - [calculate]:计算结果如下:{"public": {"电费单价": "0.699", "管理费": "111.73", "水费": "58.8", "垃圾清运费": "0", "公摊电费": "0", "维修基金": "12.41", "总计用电度数": "6", "总费用合计": "186.435"}, "public-ex": {"上月用电度数": "0", "本月用电度数": "1", "电费": "0.699", "采集偏差": "2.796", "公摊费用": 185.736}, "room": [{"房间1": "皮", "上月用电度数": "0", "本月用电度数": "1", "个人电费": "0.699", "公摊费用": "185.736", "总计费用": "186.435"}, {"房间2": "无", "上月用电度数": "0", "本月用电度数": "1", "个人电费": "0.000", "公摊费用": "0.000", "总计费用": "0.000"}, {"房间3": "无", "上月用电度数": "0", "本月用电度数": "1", "个人电费": "0.000", "公摊费用": "0.000", "总计费用": "0.000"}, {"房间4": "无", "上月用电度数": "0", "本月用电度数": "1", "个人电费": "0.000", "公摊费用": "0.000", "总计费用": "0.000"}, {"房间5": "无", "上月用电度数": "0", "本月用电度数": "1", "个人电费": "0.000", "公摊费用": "0.000", "总计费用": "0.000"}]}
2024-10-08 16:26:45,303 - INFO - [update_bill_calculator_result_page]:计算结果完成
2024-10-08 16:26:57,240 - DEBUG - [thread_loop]:收到任务类型:11
2024-10-08 16:26:57,242 - CRITICAL - [run]:sync_thread线程捕捉到异常:module 'datetime' has no attribute 'strptime'
2024-10-08 16:28:39,655 - INFO - [load_data_from_db]:开始加载用户配置数据
2024-10-08 16:28:39,659 - INFO - [load_data_from_db]:成功加载数据总数:25
2024-10-08 16:28:39,659 - INFO - [init_UI]:开始初始化ui
2024-10-08 16:28:40,078 - INFO - [init_UI]:初始化ui结束，开始工作
2024-10-08 16:29:05,212 - INFO - [update_bill_calculator_result_page]:用户触发计算
2024-10-08 16:29:05,213 - DEBUG - [calculate]:计算结果如下:{"public": {"电费单价": "0.699", "管理费": "111.73", "水费": "58.8", "垃圾清运费": "0", "公摊电费": "0", "维修基金": "12.41", "总计用电度数": "6", "总费用合计": "186.435"}, "public-ex": {"上月用电度数": "0", "本月用电度数": "1", "电费": "0.699", "采集偏差": "2.796", "公摊费用": 185.736}, "room": [{"房间1": "皮", "上月用电度数": "0", "本月用电度数": "1", "个人电费": "0.699", "公摊费用": "185.736", "总计费用": "186.435"}, {"房间2": "无", "上月用电度数": "0", "本月用电度数": "1", "个人电费": "0.000", "公摊费用": "0.000", "总计费用": "0.000"}, {"房间3": "无", "上月用电度数": "0", "本月用电度数": "1", "个人电费": "0.000", "公摊费用": "0.000", "总计费用": "0.000"}, {"房间4": "无", "上月用电度数": "0", "本月用电度数": "1", "个人电费": "0.000", "公摊费用": "0.000", "总计费用": "0.000"}, {"房间5": "无", "上月用电度数": "0", "本月用电度数": "1", "个人电费": "0.000", "公摊费用": "0.000", "总计费用": "0.000"}]}
2024-10-08 16:29:49,995 - INFO - [load_data_from_db]:开始加载用户配置数据
2024-10-08 16:29:50,002 - INFO - [load_data_from_db]:成功加载数据总数:25
2024-10-08 16:29:50,002 - INFO - [init_UI]:开始初始化ui
2024-10-08 16:29:50,449 - INFO - [init_UI]:初始化ui结束，开始工作
2024-10-08 16:29:52,075 - INFO - [update_bill_calculator_result_page]:用户触发计算
2024-10-08 16:29:52,077 - DEBUG - [calculate]:计算结果如下:{"public": {"电费单价": "0.699", "管理费": "111.73", "水费": "58.8", "垃圾清运费": "0", "公摊电费": "0", "维修基金": "12.41", "总计用电度数": "6", "总费用合计": "186.435"}, "public-ex": {"上月用电度数": "0", "本月用电度数": "1", "电费": "0.699", "采集偏差": "2.796", "公摊费用": 185.736}, "room": [{"房间1": "皮", "上月用电度数": "0", "本月用电度数": "1", "个人电费": "0.699", "公摊费用": "185.736", "总计费用": "186.435"}, {"房间2": "无", "上月用电度数": "0", "本月用电度数": "1", "个人电费": "0.000", "公摊费用": "0.000", "总计费用": "0.000"}, {"房间3": "无", "上月用电度数": "0", "本月用电度数": "1", "个人电费": "0.000", "公摊费用": "0.000", "总计费用": "0.000"}, {"房间4": "无", "上月用电度数": "0", "本月用电度数": "1", "个人电费": "0.000", "公摊费用": "0.000", "总计费用": "0.000"}, {"房间5": "无", "上月用电度数": "0", "本月用电度数": "1", "个人电费": "0.000", "公摊费用": "0.000", "总计费用": "0.000"}]}
2024-10-08 16:30:33,372 - INFO - [load_data_from_db]:开始加载用户配置数据
2024-10-08 16:30:33,380 - INFO - [load_data_from_db]:成功加载数据总数:25
2024-10-08 16:30:33,380 - INFO - [init_UI]:开始初始化ui
2024-10-08 16:30:33,833 - INFO - [init_UI]:初始化ui结束，开始工作
2024-10-08 16:30:36,419 - INFO - [update_bill_calculator_result_page]:用户触发计算
2024-10-08 16:30:36,421 - DEBUG - [calculate]:计算结果如下:{"public": {"电费单价": "0.699", "管理费": "111.73", "水费": "58.8", "垃圾清运费": "0", "公摊电费": "0", "维修基金": "12.41", "总计用电度数": "6", "总费用合计": "186.435"}, "public-ex": {"上月用电度数": "0", "本月用电度数": "1", "电费": "0.699", "采集偏差": "2.796", "公摊费用": 185.736}, "room": [{"房间1": "皮", "上月用电度数": "0", "本月用电度数": "1", "个人电费": "0.699", "公摊费用": "185.736", "总计费用": "186.435"}, {"房间2": "无", "上月用电度数": "0", "本月用电度数": "1", "个人电费": "0.000", "公摊费用": "0.000", "总计费用": "0.000"}, {"房间3": "无", "上月用电度数": "0", "本月用电度数": "1", "个人电费": "0.000", "公摊费用": "0.000", "总计费用": "0.000"}, {"房间4": "无", "上月用电度数": "0", "本月用电度数": "1", "个人电费": "0.000", "公摊费用": "0.000", "总计费用": "0.000"}, {"房间5": "无", "上月用电度数": "0", "本月用电度数": "1", "个人电费": "0.000", "公摊费用": "0.000", "总计费用": "0.000"}]}
2024-10-08 16:30:36,424 - INFO - [update_bill_calculator_result_page]:计算结果完成
2024-10-08 16:30:40,700 - DEBUG - [thread_loop]:收到任务类型:11
2024-10-08 16:30:42,491 - CRITICAL - [run]:sync_thread线程捕捉到异常:invalid literal for int() with base 10: '0.699'
2024-10-08 16:31:58,736 - INFO - [load_data_from_db]:开始加载用户配置数据
2024-10-08 16:31:58,743 - INFO - [load_data_from_db]:成功加载数据总数:25
2024-10-08 16:31:58,743 - INFO - [init_UI]:开始初始化ui
2024-10-08 16:31:59,196 - INFO - [init_UI]:初始化ui结束，开始工作
2024-10-08 16:32:02,941 - INFO - [update_bill_calculator_result_page]:用户触发计算
2024-10-08 16:32:02,942 - DEBUG - [calculate]:计算结果如下:{"public": {"电费单价": "0.699", "管理费": "111.73", "水费": "58.8", "垃圾清运费": "0", "公摊电费": "0", "维修基金": "12.41", "总计用电度数": "6", "总费用合计": "186.435"}, "public-ex": {"上月用电度数": "0", "本月用电度数": "1", "电费": "0.699", "采集偏差": "2.796", "公摊费用": 185.736}, "room": [{"房间1": "皮", "上月用电度数": "0", "本月用电度数": "1", "个人电费": "0.699", "公摊费用": "185.736", "总计费用": "186.435"}, {"房间2": "无", "上月用电度数": "0", "本月用电度数": "1", "个人电费": "0.000", "公摊费用": "0.000", "总计费用": "0.000"}, {"房间3": "无", "上月用电度数": "0", "本月用电度数": "1", "个人电费": "0.000", "公摊费用": "0.000", "总计费用": "0.000"}, {"房间4": "无", "上月用电度数": "0", "本月用电度数": "1", "个人电费": "0.000", "公摊费用": "0.000", "总计费用": "0.000"}, {"房间5": "无", "上月用电度数": "0", "本月用电度数": "1", "个人电费": "0.000", "公摊费用": "0.000", "总计费用": "0.000"}]}
2024-10-08 16:32:02,946 - INFO - [update_bill_calculator_result_page]:计算结果完成
2024-10-08 16:32:08,314 - DEBUG - [thread_loop]:收到任务类型:11
2024-10-08 16:33:23,718 - INFO - [load_data_from_db]:开始加载用户配置数据
2024-10-08 16:33:23,726 - INFO - [load_data_from_db]:成功加载数据总数:25
2024-10-08 16:33:23,727 - INFO - [init_UI]:开始初始化ui
2024-10-08 16:33:24,178 - INFO - [init_UI]:初始化ui结束，开始工作
2024-10-08 16:33:25,917 - INFO - [update_bill_calculator_result_page]:用户触发计算
2024-10-08 16:33:25,918 - DEBUG - [calculate]:计算结果如下:{"public": {"电费单价": "0.699", "管理费": "111.73", "水费": "58.8", "垃圾清运费": "0", "公摊电费": "0", "维修基金": "12.41", "总计用电度数": "6", "总费用合计": "186.435"}, "public-ex": {"上月用电度数": "0", "本月用电度数": "1", "电费": "0.699", "采集偏差": "2.796", "公摊费用": 185.736}, "room": [{"房间1": "皮", "上月用电度数": "0", "本月用电度数": "1", "个人电费": "0.699", "公摊费用": "185.736", "总计费用": "186.435"}, {"房间2": "无", "上月用电度数": "0", "本月用电度数": "1", "个人电费": "0.000", "公摊费用": "0.000", "总计费用": "0.000"}, {"房间3": "无", "上月用电度数": "0", "本月用电度数": "1", "个人电费": "0.000", "公摊费用": "0.000", "总计费用": "0.000"}, {"房间4": "无", "上月用电度数": "0", "本月用电度数": "1", "个人电费": "0.000", "公摊费用": "0.000", "总计费用": "0.000"}, {"房间5": "无", "上月用电度数": "0", "本月用电度数": "1", "个人电费": "0.000", "公摊费用": "0.000", "总计费用": "0.000"}]}
2024-10-08 16:33:25,920 - INFO - [update_bill_calculator_result_page]:计算结果完成
2024-10-08 16:33:28,453 - DEBUG - [thread_loop]:收到任务类型:11
2024-10-08 16:35:26,679 - INFO - [load_data_from_db]:开始加载用户配置数据
2024-10-08 16:35:26,686 - INFO - [load_data_from_db]:成功加载数据总数:25
2024-10-08 16:35:26,686 - INFO - [init_UI]:开始初始化ui
2024-10-08 16:35:27,143 - INFO - [init_UI]:初始化ui结束，开始工作
2024-10-08 16:35:28,993 - INFO - [update_bill_calculator_result_page]:用户触发计算
2024-10-08 16:35:28,995 - DEBUG - [calculate]:计算结果如下:{"public": {"电费单价": "0.699", "管理费": "111.73", "水费": "58.8", "垃圾清运费": "0", "公摊电费": "0", "维修基金": "12.41", "总计用电度数": "6", "总费用合计": "186.435"}, "public-ex": {"上月用电度数": "0", "本月用电度数": "1", "电费": "0.699", "采集偏差": "2.796", "公摊费用": 185.736}, "room": [{"房间1": "皮", "上月用电度数": "0", "本月用电度数": "1", "个人电费": "0.699", "公摊费用": "185.736", "总计费用": "186.435"}, {"房间2": "无", "上月用电度数": "0", "本月用电度数": "1", "个人电费": "0.000", "公摊费用": "0.000", "总计费用": "0.000"}, {"房间3": "无", "上月用电度数": "0", "本月用电度数": "1", "个人电费": "0.000", "公摊费用": "0.000", "总计费用": "0.000"}, {"房间4": "无", "上月用电度数": "0", "本月用电度数": "1", "个人电费": "0.000", "公摊费用": "0.000", "总计费用": "0.000"}, {"房间5": "无", "上月用电度数": "0", "本月用电度数": "1", "个人电费": "0.000", "公摊费用": "0.000", "总计费用": "0.000"}]}
2024-10-08 16:35:28,998 - INFO - [update_bill_calculator_result_page]:计算结果完成
2024-10-08 16:35:32,402 - DEBUG - [thread_loop]:收到任务类型:11
2024-10-08 16:36:09,554 - INFO - [load_data_from_db]:开始加载用户配置数据
2024-10-08 16:36:09,558 - INFO - [load_data_from_db]:成功加载数据总数:25
2024-10-08 16:36:09,558 - INFO - [init_UI]:开始初始化ui
2024-10-08 16:36:09,960 - INFO - [init_UI]:初始化ui结束，开始工作
2024-10-08 16:37:21,858 - INFO - [load_data_from_db]:开始加载用户配置数据
2024-10-08 16:37:21,864 - INFO - [load_data_from_db]:成功加载数据总数:25
2024-10-08 16:37:21,864 - INFO - [init_UI]:开始初始化ui
2024-10-08 16:37:22,280 - INFO - [init_UI]:初始化ui结束，开始工作
2024-10-08 16:46:09,429 - INFO - [load_data_from_db]:开始加载用户配置数据
2024-10-08 16:46:09,432 - INFO - [load_data_from_db]:成功加载数据总数:25
2024-10-08 16:46:09,432 - INFO - [init_UI]:开始初始化ui
2024-10-08 16:46:09,844 - INFO - [init_UI]:初始化ui结束，开始工作
2024-10-08 16:46:13,884 - INFO - [update_bill_calculator_result_page]:用户触发计算
2024-10-08 16:46:13,884 - DEBUG - [calculate]:计算结果如下:{"public": {"电费单价": "0.699", "管理费": "111.73", "水费": "58.8", "垃圾清运费": "0", "公摊电费": "0", "维修基金": "12.41", "总计用电度数": "6", "总费用合计": "186.435"}, "public-ex": {"上月用电度数": "0", "本月用电度数": "1", "电费": "0.699", "采集偏差": "2.796", "公摊费用": 185.736}, "room": [{"房间1": "皮", "上月用电度数": "0", "本月用电度数": "1", "个人电费": "0.699", "公摊费用": "185.736", "总计费用": "186.435"}, {"房间2": "无", "上月用电度数": "0", "本月用电度数": "1", "个人电费": "0.000", "公摊费用": "0.000", "总计费用": "0.000"}, {"房间3": "无", "上月用电度数": "0", "本月用电度数": "1", "个人电费": "0.000", "公摊费用": "0.000", "总计费用": "0.000"}, {"房间4": "无", "上月用电度数": "0", "本月用电度数": "1", "个人电费": "0.000", "公摊费用": "0.000", "总计费用": "0.000"}, {"房间5": "无", "上月用电度数": "0", "本月用电度数": "1", "个人电费": "0.000", "公摊费用": "0.000", "总计费用": "0.000"}]}
2024-10-08 16:46:13,886 - INFO - [update_bill_calculator_result_page]:计算结果完成
2024-10-08 16:46:13,892 - DEBUG - [thread_loop]:收到任务类型:11
2024-10-08 17:14:05,532 - INFO - [load_data_from_db]:开始加载用户配置数据
2024-10-08 17:14:05,537 - INFO - [load_data_from_db]:成功加载数据总数:25
2024-10-08 17:14:05,538 - INFO - [init_UI]:开始初始化ui
2024-10-08 17:14:05,896 - INFO - [init_UI]:初始化ui结束，开始工作
2024-10-08 17:14:30,370 - INFO - [load_data_from_db]:开始加载用户配置数据
2024-10-08 17:14:30,377 - INFO - [load_data_from_db]:成功加载数据总数:25
2024-10-08 17:14:30,377 - INFO - [init_UI]:开始初始化ui
2024-10-08 17:14:30,699 - INFO - [init_UI]:初始化ui结束，开始工作
2024-10-08 17:17:19,194 - INFO - [load_data_from_db]:开始加载用户配置数据
2024-10-08 17:17:19,202 - INFO - [load_data_from_db]:成功加载数据总数:25
2024-10-08 17:17:19,202 - INFO - [init_UI]:开始初始化ui
2024-10-08 17:17:19,534 - INFO - [init_UI]:初始化ui结束，开始工作
2024-10-08 17:37:56,267 - INFO - [load_data_from_db]:开始加载用户配置数据
2024-10-08 17:37:56,274 - INFO - [load_data_from_db]:成功加载数据总数:25
2024-10-08 17:37:56,274 - INFO - [init_UI]:开始初始化ui
2024-10-08 17:37:56,606 - INFO - [init_UI]:初始化ui结束，开始工作
2024-10-08 17:39:50,523 - INFO - [load_data_from_db]:开始加载用户配置数据
2024-10-08 17:39:50,526 - INFO - [load_data_from_db]:成功加载数据总数:25
2024-10-08 17:39:50,527 - INFO - [init_UI]:开始初始化ui
2024-10-08 17:39:50,848 - INFO - [init_UI]:初始化ui结束，开始工作
2024-10-08 17:40:22,119 - INFO - [load_data_from_db]:开始加载用户配置数据
2024-10-08 17:40:22,126 - INFO - [load_data_from_db]:成功加载数据总数:25
2024-10-08 17:40:22,127 - INFO - [init_UI]:开始初始化ui
2024-10-08 17:40:22,454 - INFO - [init_UI]:初始化ui结束，开始工作
2024-10-08 17:42:38,567 - INFO - [load_data_from_db]:开始加载用户配置数据
2024-10-08 17:42:38,574 - INFO - [load_data_from_db]:成功加载数据总数:25
2024-10-08 17:42:38,574 - INFO - [init_UI]:开始初始化ui
2024-10-08 17:42:38,906 - INFO - [init_UI]:初始化ui结束，开始工作
2024-10-08 17:48:10,774 - INFO - [load_data_from_db]:开始加载用户配置数据
2024-10-08 17:48:10,778 - INFO - [load_data_from_db]:成功加载数据总数:25
2024-10-08 17:48:10,778 - INFO - [init_UI]:开始初始化ui
2024-10-08 17:48:11,107 - INFO - [init_UI]:初始化ui结束，开始工作
2024-10-08 17:48:42,620 - INFO - [load_data_from_db]:开始加载用户配置数据
2024-10-08 17:48:42,624 - INFO - [load_data_from_db]:成功加载数据总数:25
2024-10-08 17:48:42,624 - INFO - [init_UI]:开始初始化ui
2024-10-08 17:48:42,960 - INFO - [init_UI]:初始化ui结束，开始工作
2024-10-08 17:50:42,044 - INFO - [load_data_from_db]:开始加载用户配置数据
2024-10-08 17:50:42,047 - INFO - [load_data_from_db]:成功加载数据总数:25
2024-10-08 17:50:42,047 - INFO - [init_UI]:开始初始化ui
2024-10-08 17:50:42,366 - INFO - [init_UI]:初始化ui结束，开始工作
2024-10-08 17:51:35,750 - INFO - [load_data_from_db]:开始加载用户配置数据
2024-10-08 17:51:35,755 - INFO - [load_data_from_db]:成功加载数据总数:25
2024-10-08 17:51:35,755 - INFO - [init_UI]:开始初始化ui
2024-10-08 17:51:36,085 - INFO - [init_UI]:初始化ui结束，开始工作
2024-10-08 17:52:22,907 - INFO - [load_data_from_db]:开始加载用户配置数据
2024-10-08 17:52:22,916 - INFO - [load_data_from_db]:成功加载数据总数:25
2024-10-08 17:52:22,916 - INFO - [init_UI]:开始初始化ui
2024-10-08 17:52:23,242 - INFO - [init_UI]:初始化ui结束，开始工作
2024-10-09 09:30:25,174 - INFO - [load_data_from_db]:开始加载用户配置数据
2024-10-09 09:30:25,181 - INFO - [load_data_from_db]:成功加载数据总数:25
2024-10-09 09:30:25,181 - INFO - [init_UI]:开始初始化ui
2024-10-09 09:30:25,535 - INFO - [init_UI]:初始化ui结束，开始工作
2024-10-09 09:30:59,484 - INFO - [load_data_from_db]:开始加载用户配置数据
2024-10-09 09:30:59,491 - INFO - [load_data_from_db]:成功加载数据总数:25
2024-10-09 09:30:59,491 - INFO - [init_UI]:开始初始化ui
2024-10-09 09:30:59,849 - INFO - [init_UI]:初始化ui结束，开始工作
2024-10-09 09:31:18,239 - INFO - [load_data_from_db]:开始加载用户配置数据
2024-10-09 09:31:18,247 - INFO - [load_data_from_db]:成功加载数据总数:25
2024-10-09 09:31:18,247 - INFO - [init_UI]:开始初始化ui
2024-10-09 09:31:18,575 - INFO - [init_UI]:初始化ui结束，开始工作
2024-10-09 09:31:34,279 - INFO - [load_data_from_db]:开始加载用户配置数据
2024-10-09 09:31:34,287 - INFO - [load_data_from_db]:成功加载数据总数:25
2024-10-09 09:31:34,287 - INFO - [init_UI]:开始初始化ui
2024-10-09 09:31:34,625 - INFO - [init_UI]:初始化ui结束，开始工作
2024-10-09 09:31:56,873 - INFO - [load_data_from_db]:开始加载用户配置数据
2024-10-09 09:31:56,881 - INFO - [load_data_from_db]:成功加载数据总数:25
2024-10-09 09:31:56,881 - INFO - [init_UI]:开始初始化ui
2024-10-09 09:31:57,248 - INFO - [init_UI]:初始化ui结束，开始工作
2024-10-09 10:15:37,002 - INFO - [load_data_from_db]:开始加载用户配置数据
2024-10-09 10:15:37,006 - INFO - [load_data_from_db]:成功加载数据总数:25
2024-10-09 10:15:37,006 - INFO - [init_UI]:开始初始化ui
2024-10-09 10:15:37,355 - INFO - [init_UI]:初始化ui结束，开始工作
2024-10-09 10:15:49,628 - INFO - [load_data_from_db]:开始加载用户配置数据
2024-10-09 10:15:49,635 - INFO - [load_data_from_db]:成功加载数据总数:25
2024-10-09 10:15:49,636 - INFO - [init_UI]:开始初始化ui
2024-10-09 10:15:49,968 - INFO - [init_UI]:初始化ui结束，开始工作
2024-10-09 10:16:26,666 - INFO - [load_data_from_db]:开始加载用户配置数据
2024-10-09 10:16:26,674 - INFO - [load_data_from_db]:成功加载数据总数:25
2024-10-09 10:16:26,675 - INFO - [init_UI]:开始初始化ui
2024-10-09 10:16:27,005 - INFO - [init_UI]:初始化ui结束，开始工作
2024-10-09 10:16:58,842 - INFO - [load_data_from_db]:开始加载用户配置数据
2024-10-09 10:16:58,849 - INFO - [load_data_from_db]:成功加载数据总数:25
2024-10-09 10:16:58,849 - INFO - [init_UI]:开始初始化ui
2024-10-09 10:16:59,189 - INFO - [init_UI]:初始化ui结束，开始工作
2024-10-09 10:35:45,131 - INFO - [load_data_from_db]:开始加载用户配置数据
2024-10-09 10:35:45,135 - INFO - [load_data_from_db]:成功加载数据总数:25
2024-10-09 10:35:45,135 - INFO - [init_UI]:开始初始化ui
2024-10-09 10:35:45,481 - INFO - [init_UI]:初始化ui结束，开始工作
2024-10-09 10:55:18,108 - INFO - [load_data_from_db]:开始加载用户配置数据
2024-10-09 10:55:18,114 - INFO - [load_data_from_db]:成功加载数据总数:25
2024-10-09 10:55:18,114 - INFO - [init_UI]:开始初始化ui
2024-10-09 10:55:18,447 - INFO - [init_UI]:初始化ui结束，开始工作
2024-10-09 10:56:41,232 - INFO - [load_data_from_db]:开始加载用户配置数据
2024-10-09 10:56:41,238 - INFO - [load_data_from_db]:成功加载数据总数:25
2024-10-09 10:56:41,238 - INFO - [init_UI]:开始初始化ui
2024-10-09 10:56:41,576 - INFO - [init_UI]:初始化ui结束，开始工作
2024-10-09 10:56:58,751 - INFO - [load_data_from_db]:开始加载用户配置数据
2024-10-09 10:56:58,756 - INFO - [load_data_from_db]:成功加载数据总数:25
2024-10-09 10:56:58,756 - INFO - [init_UI]:开始初始化ui
2024-10-09 10:56:59,110 - INFO - [init_UI]:初始化ui结束，开始工作
2024-10-09 10:57:03,588 - INFO - [load_data_from_db]:开始加载用户配置数据
2024-10-09 10:57:03,592 - INFO - [load_data_from_db]:成功加载数据总数:25
2024-10-09 10:57:03,592 - INFO - [init_UI]:开始初始化ui
2024-10-09 10:57:03,931 - INFO - [init_UI]:初始化ui结束，开始工作
2024-10-09 13:43:19,769 - INFO - [load_data_from_db]:开始加载用户配置数据
2024-10-09 13:43:19,772 - INFO - [load_data_from_db]:成功加载数据总数:25
2024-10-09 13:43:19,773 - INFO - [init_UI]:开始初始化ui
2024-10-09 13:43:20,096 - INFO - [init_UI]:初始化ui结束，开始工作
2024-10-09 13:45:28,790 - INFO - [load_data_from_db]:开始加载用户配置数据
2024-10-09 13:45:28,793 - INFO - [load_data_from_db]:成功加载数据总数:25
2024-10-09 13:45:28,793 - INFO - [init_UI]:开始初始化ui
2024-10-09 13:45:29,128 - INFO - [init_UI]:初始化ui结束，开始工作
2024-10-09 14:03:14,133 - INFO - [load_data_from_db]:开始加载用户配置数据
2024-10-09 14:03:14,141 - INFO - [load_data_from_db]:成功加载数据总数:25
2024-10-09 14:03:14,142 - INFO - [init_UI]:开始初始化ui
2024-10-09 14:03:14,483 - INFO - [init_UI]:初始化ui结束，开始工作
2024-10-09 14:30:14,827 - INFO - [load_data_from_db]:开始加载用户配置数据
2024-10-09 14:30:14,831 - INFO - [load_data_from_db]:成功加载数据总数:25
2024-10-09 14:30:14,831 - INFO - [init_UI]:开始初始化ui
2024-10-09 14:30:15,172 - INFO - [init_UI]:初始化ui结束，开始工作
2024-10-09 14:30:28,681 - INFO - [load_data_from_db]:开始加载用户配置数据
2024-10-09 14:30:28,689 - INFO - [load_data_from_db]:成功加载数据总数:25
2024-10-09 14:30:28,689 - INFO - [init_UI]:开始初始化ui
2024-10-09 14:30:28,991 - INFO - [init_UI]:初始化ui结束，开始工作
2024-10-09 14:32:44,308 - INFO - [load_data_from_db]:开始加载用户配置数据
2024-10-09 14:32:44,315 - INFO - [load_data_from_db]:成功加载数据总数:25
2024-10-09 14:32:44,315 - INFO - [init_UI]:开始初始化ui
2024-10-09 14:32:44,680 - INFO - [init_UI]:初始化ui结束，开始工作
2024-10-09 14:35:52,156 - INFO - [load_data_from_db]:开始加载用户配置数据
2024-10-09 14:35:52,164 - INFO - [load_data_from_db]:成功加载数据总数:25
2024-10-09 14:35:52,164 - INFO - [init_UI]:开始初始化ui
2024-10-09 14:35:52,494 - INFO - [init_UI]:初始化ui结束，开始工作
2024-10-09 14:37:45,701 - INFO - [load_data_from_db]:开始加载用户配置数据
2024-10-09 14:37:45,708 - INFO - [load_data_from_db]:成功加载数据总数:25
2024-10-09 14:37:45,708 - INFO - [init_UI]:开始初始化ui
2024-10-09 14:37:46,039 - INFO - [init_UI]:初始化ui结束，开始工作
2024-10-09 15:02:22,931 - INFO - [load_data_from_db]:开始加载用户配置数据
2024-10-09 15:02:22,934 - INFO - [load_data_from_db]:成功加载数据总数:25
2024-10-09 15:02:22,934 - INFO - [init_UI]:开始初始化ui
2024-10-09 15:02:23,254 - INFO - [init_UI]:初始化ui结束，开始工作
2024-10-09 15:08:17,478 - INFO - [load_data_from_db]:开始加载用户配置数据
2024-10-09 15:08:17,481 - INFO - [load_data_from_db]:成功加载数据总数:25
2024-10-09 15:08:17,482 - INFO - [init_UI]:开始初始化ui
2024-10-09 15:08:17,806 - INFO - [init_UI]:初始化ui结束，开始工作
2024-10-09 15:09:12,748 - INFO - [load_data_from_db]:开始加载用户配置数据
2024-10-09 15:09:12,751 - INFO - [load_data_from_db]:成功加载数据总数:25
2024-10-09 15:09:12,752 - INFO - [init_UI]:开始初始化ui
2024-10-09 15:09:13,062 - INFO - [init_UI]:初始化ui结束，开始工作
2024-10-09 15:12:07,889 - INFO - [load_data_from_db]:开始加载用户配置数据
2024-10-09 15:12:07,892 - INFO - [load_data_from_db]:成功加载数据总数:25
2024-10-09 15:12:07,892 - INFO - [init_UI]:开始初始化ui
2024-10-09 15:13:34,327 - INFO - [load_data_from_db]:开始加载用户配置数据
2024-10-09 15:13:34,331 - INFO - [load_data_from_db]:成功加载数据总数:25
2024-10-09 15:13:34,331 - INFO - [init_UI]:开始初始化ui
2024-10-09 15:34:30,875 - INFO - [load_data_from_db]:开始加载用户配置数据
2024-10-09 15:34:30,879 - INFO - [load_data_from_db]:成功加载数据总数:25
2024-10-09 15:34:30,879 - INFO - [init_UI]:开始初始化ui
2024-10-09 15:40:17,692 - INFO - [load_data_from_db]:开始加载用户配置数据
2024-10-09 15:40:17,695 - INFO - [load_data_from_db]:成功加载数据总数:25
2024-10-09 15:40:17,695 - INFO - [init_UI]:开始初始化ui
2024-10-09 15:40:18,036 - INFO - [init_UI]:初始化ui结束，开始工作
2024-10-09 15:40:43,681 - INFO - [load_data_from_db]:开始加载用户配置数据
2024-10-09 15:40:43,685 - INFO - [load_data_from_db]:成功加载数据总数:25
2024-10-09 15:40:43,685 - INFO - [init_UI]:开始初始化ui
2024-10-09 15:40:44,021 - INFO - [init_UI]:初始化ui结束，开始工作
2024-10-09 15:44:07,206 - INFO - [load_data_from_db]:开始加载用户配置数据
2024-10-09 15:44:07,209 - INFO - [load_data_from_db]:成功加载数据总数:25
2024-10-09 15:44:07,209 - INFO - [init_UI]:开始初始化ui
2024-10-09 15:44:07,550 - INFO - [init_UI]:初始化ui结束，开始工作
2024-10-09 15:54:10,087 - INFO - [load_data_from_db]:开始加载用户配置数据
2024-10-09 15:54:10,090 - INFO - [load_data_from_db]:成功加载数据总数:25
2024-10-09 15:54:10,090 - INFO - [init_UI]:开始初始化ui
2024-10-09 15:54:10,404 - INFO - [init_UI]:初始化ui结束，开始工作
2024-10-09 15:56:10,063 - INFO - [load_data_from_db]:开始加载用户配置数据
2024-10-09 15:56:10,070 - INFO - [load_data_from_db]:成功加载数据总数:25
2024-10-09 15:56:10,070 - INFO - [init_UI]:开始初始化ui
2024-10-09 15:56:10,408 - INFO - [init_UI]:初始化ui结束，开始工作
2024-10-10 14:16:36,884 - INFO - [load_data_from_db]:开始加载用户配置数据
2024-10-10 14:16:36,889 - INFO - [load_data_from_db]:成功加载数据总数:25
2024-10-10 14:16:36,889 - INFO - [init_UI]:开始初始化ui
2024-10-10 14:16:37,319 - INFO - [init_UI]:初始化ui结束，开始工作
2024-10-10 14:34:07,913 - INFO - [load_data_from_db]:开始加载用户配置数据
2024-10-10 14:34:07,918 - INFO - [load_data_from_db]:成功加载数据总数:25
2024-10-10 14:34:07,919 - INFO - [init_UI]:开始初始化ui
2024-10-10 14:34:08,253 - INFO - [init_UI]:初始化ui结束，开始工作
2024-10-10 15:12:02,179 - INFO - [load_data_from_db]:开始加载用户配置数据
2024-10-10 15:12:02,183 - INFO - [load_data_from_db]:成功加载数据总数:25
2024-10-10 15:12:02,183 - INFO - [init_UI]:开始初始化ui
2024-10-10 15:12:02,543 - INFO - [init_UI]:初始化ui结束，开始工作
